d:\onedrive - politechnika śląska\studia\sem2\ppk\laby\projekt\chess\debug\vc142.pdb
d:\onedrive - politechnika śląska\studia\sem2\ppk\laby\projekt\chess\debug\vc142.idb
d:\onedrive - politechnika śląska\studia\sem2\ppk\laby\projekt\chess\debug\functions.obj
d:\onedrive - politechnika śląska\studia\sem2\ppk\laby\projekt\chess\debug\square.obj
d:\onedrive - politechnika śląska\studia\sem2\ppk\laby\projekt\chess\debug\rook.obj
d:\onedrive - politechnika śląska\studia\sem2\ppk\laby\projekt\chess\debug\queen.obj
d:\onedrive - politechnika śląska\studia\sem2\ppk\laby\projekt\chess\debug\piece.obj
d:\onedrive - politechnika śląska\studia\sem2\ppk\laby\projekt\chess\debug\pawn.obj
d:\onedrive - politechnika śląska\studia\sem2\ppk\laby\projekt\chess\debug\move.obj
d:\onedrive - politechnika śląska\studia\sem2\ppk\laby\projekt\chess\debug\main.obj
d:\onedrive - politechnika śląska\studia\sem2\ppk\laby\projekt\chess\debug\knight.obj
d:\onedrive - politechnika śląska\studia\sem2\ppk\laby\projekt\chess\debug\king.obj
d:\onedrive - politechnika śląska\studia\sem2\ppk\laby\projekt\chess\debug\gamemanager.obj
d:\onedrive - politechnika śląska\studia\sem2\ppk\laby\projekt\chess\debug\board.obj
d:\onedrive - politechnika śląska\studia\sem2\ppk\laby\projekt\chess\debug\bishop.obj
d:\onedrive - politechnika śląska\studia\sem2\ppk\laby\projekt\chess\debug\chess.exe
d:\onedrive - politechnika śląska\studia\sem2\ppk\laby\projekt\chess\debug\chess.ilk
d:\onedrive - politechnika śląska\studia\sem2\ppk\laby\projekt\chess\debug\chess.pdb
d:\onedrive - politechnika śląska\studia\sem2\ppk\laby\projekt\chess\debug\chess.tlog\cl.command.1.tlog
d:\onedrive - politechnika śląska\studia\sem2\ppk\laby\projekt\chess\debug\chess.tlog\cl.read.1.tlog
d:\onedrive - politechnika śląska\studia\sem2\ppk\laby\projekt\chess\debug\chess.tlog\cl.write.1.tlog
d:\onedrive - politechnika śląska\studia\sem2\ppk\laby\projekt\chess\debug\chess.tlog\link.command.1.tlog
d:\onedrive - politechnika śląska\studia\sem2\ppk\laby\projekt\chess\debug\chess.tlog\link.read.1.tlog
d:\onedrive - politechnika śląska\studia\sem2\ppk\laby\projekt\chess\debug\chess.tlog\link.write.1.tlog
